0 info it worked if it ends with ok
1 verbose cli [ '/usr/local/bin/node', '/usr/local/bin/npm', 'publish' ]
2 info using npm@1.2.25
3 info using node@v0.11.3
4 verbose publish [ '.' ]
5 verbose read json /Users/bmcmahen/Development/Rasputin/package.json
6 warn package.json montage@0.0.1 No repository field.
7 verbose cache add [ '.', null ]
8 verbose cache add name=undefined spec="." args=[".",null]
9 verbose parsed url { protocol: null,
9 verbose parsed url   slashes: null,
9 verbose parsed url   auth: null,
9 verbose parsed url   host: null,
9 verbose parsed url   port: null,
9 verbose parsed url   hostname: null,
9 verbose parsed url   hash: null,
9 verbose parsed url   search: null,
9 verbose parsed url   query: null,
9 verbose parsed url   pathname: '.',
9 verbose parsed url   path: '.',
9 verbose parsed url   href: '.' }
10 silly lockFile 3a52ce78- .
11 verbose lock . /Users/bmcmahen/.npm/3a52ce78-.lock
12 verbose read json package.json
13 verbose tar pack [ '/var/folders/js/qtgyyy991m5b6ks91g5n48040000gn/T/npm-9694/1376022005871-0.32602878101170063/tmp.tgz',
13 verbose tar pack   '.' ]
14 verbose tarball /var/folders/js/qtgyyy991m5b6ks91g5n48040000gn/T/npm-9694/1376022005871-0.32602878101170063/tmp.tgz
15 verbose folder .
16 info prepublish montage@0.0.1
17 silly lockFile 3a52ce78- .
18 verbose lock . /Users/bmcmahen/.npm/3a52ce78-.lock
19 silly lockFile acddb00a-5871-0-32602878101170063-tmp-tgz /var/folders/js/qtgyyy991m5b6ks91g5n48040000gn/T/npm-9694/1376022005871-0.32602878101170063/tmp.tgz
20 verbose lock /var/folders/js/qtgyyy991m5b6ks91g5n48040000gn/T/npm-9694/1376022005871-0.32602878101170063/tmp.tgz /Users/bmcmahen/.npm/acddb00a-5871-0-32602878101170063-tmp-tgz.lock
21 error tar pack Error reading .
22 silly lockFile 3a52ce78- .
23 silly lockFile 3a52ce78- .
24 error tar pack Error reading .
25 silly lockFile 3a52ce78- .
26 error tar pack Error reading .
27 silly lockFile 3a52ce78- .
28 error tar pack Error reading .
29 silly lockFile 3a52ce78- .
30 silly lockFile acddb00a-5871-0-32602878101170063-tmp-tgz /var/folders/js/qtgyyy991m5b6ks91g5n48040000gn/T/npm-9694/1376022005871-0.32602878101170063/tmp.tgz
31 silly lockFile acddb00a-5871-0-32602878101170063-tmp-tgz /var/folders/js/qtgyyy991m5b6ks91g5n48040000gn/T/npm-9694/1376022005871-0.32602878101170063/tmp.tgz
32 silly lockFile acddb00a-5871-0-32602878101170063-tmp-tgz /var/folders/js/qtgyyy991m5b6ks91g5n48040000gn/T/npm-9694/1376022005871-0.32602878101170063/tmp.tgz
33 silly lockFile acddb00a-5871-0-32602878101170063-tmp-tgz /var/folders/js/qtgyyy991m5b6ks91g5n48040000gn/T/npm-9694/1376022005871-0.32602878101170063/tmp.tgz
34 error addLocalDirectory Could not pack "." to "/var/folders/js/qtgyyy991m5b6ks91g5n48040000gn/T/npm-9694/1376022005871-0.32602878101170063/tmp.tgz"
35 silly lockFile 3a52ce78- .
36 error addLocalDirectory Could not pack "." to "/var/folders/js/qtgyyy991m5b6ks91g5n48040000gn/T/npm-9694/1376022005871-0.32602878101170063/tmp.tgz"
37 silly lockFile 3a52ce78- .
38 error addLocal Could not install .
39 error Error: Cannot read unknown type: FIFO
39 error     at decorate (/usr/local/Cellar/node/0.8.21/lib/node_modules/npm/node_modules/fstream/lib/abstract.js:67:36)
39 error     at Reader.Abstract.error (/usr/local/Cellar/node/0.8.21/lib/node_modules/npm/node_modules/fstream/lib/abstract.js:61:12)
39 error     at Reader._read (/usr/local/Cellar/node/0.8.21/lib/node_modules/npm/node_modules/fstream/lib/reader.js:257:8)
39 error     at Reader.resume (/usr/local/Cellar/node/0.8.21/lib/node_modules/npm/node_modules/fstream/lib/reader.js:253:8)
39 error     at resume (/usr/local/Cellar/node/0.8.21/lib/node_modules/npm/node_modules/fstream/lib/collect.js:62:14)
39 error     at unblockEntry (/usr/local/Cellar/node/0.8.21/lib/node_modules/npm/node_modules/fstream/lib/collect.js:43:26)
39 error     at Reader.<anonymous> (/usr/local/Cellar/node/0.8.21/lib/node_modules/npm/node_modules/fstream/lib/collect.js:47:7)
39 error     at Pack._process (/usr/local/Cellar/node/0.8.21/lib/node_modules/npm/node_modules/tar/lib/pack.js:227:9)
39 error     at Pack.add (/usr/local/Cellar/node/0.8.21/lib/node_modules/npm/node_modules/tar/lib/pack.js:66:8)
39 error     at Packer.<anonymous> (/usr/local/Cellar/node/0.8.21/lib/node_modules/npm/node_modules/fstream/lib/reader.js:230:22)
40 error If you need help, you may report this log at:
40 error     <http://github.com/isaacs/npm/issues>
40 error or email it to:
40 error     <npm-@googlegroups.com>
41 error System Darwin 12.4.0
42 error command "/usr/local/bin/node" "/usr/local/bin/npm" "publish"
43 error cwd /Users/bmcmahen/Development/Rasputin
44 error node -v v0.11.3
45 error npm -v 1.2.25
46 error path /Users/bmcmahen/Development/package/videocontrol
47 error fstream_path /Users/bmcmahen/Development/package/videocontrol
48 error fstream_unc_path /Users/bmcmahen/Development/Rasputin/videocontrol
49 error fstream_type FIFO
50 error fstream_class Reader
51 error fstream_stack Reader._read (/usr/local/Cellar/node/0.8.21/lib/node_modules/npm/node_modules/fstream/lib/reader.js:257:8)
51 error fstream_stack Reader.resume (/usr/local/Cellar/node/0.8.21/lib/node_modules/npm/node_modules/fstream/lib/reader.js:253:8)
51 error fstream_stack resume (/usr/local/Cellar/node/0.8.21/lib/node_modules/npm/node_modules/fstream/lib/collect.js:62:14)
51 error fstream_stack unblockEntry (/usr/local/Cellar/node/0.8.21/lib/node_modules/npm/node_modules/fstream/lib/collect.js:43:26)
51 error fstream_stack Reader.<anonymous> (/usr/local/Cellar/node/0.8.21/lib/node_modules/npm/node_modules/fstream/lib/collect.js:47:7)
51 error fstream_stack Pack._process (/usr/local/Cellar/node/0.8.21/lib/node_modules/npm/node_modules/tar/lib/pack.js:227:9)
51 error fstream_stack Pack.add (/usr/local/Cellar/node/0.8.21/lib/node_modules/npm/node_modules/tar/lib/pack.js:66:8)
51 error fstream_stack Packer.<anonymous> (/usr/local/Cellar/node/0.8.21/lib/node_modules/npm/node_modules/fstream/lib/reader.js:230:22)
52 verbose exit [ 1, true ]
